{
  "RSpec": {
    "coverage": {
      "/Users/stephann/dev/rails_workspace/amiibos_manager/config/environment.rb": [
        null,
        1,
        null,
        null,
        1
      ],
      "/Users/stephann/dev/rails_workspace/amiibos_manager/config/application.rb": [
        1,
        null,
        1,
        null,
        1,
        1,
        1,
        1,
        1,
        1,
        1,
        null,
        1,
        null,
        null,
        null,
        1,
        null,
        1,
        1,
        null,
        null,
        null,
        null,
        null,
        null,
        null,
        null,
        null,
        null,
        null,
        null,
        null,
        null,
        null,
        1,
        null,
        null
      ],
      "/Users/stephann/dev/rails_workspace/amiibos_manager/config/boot.rb": [
        1,
        null,
        1
      ],
      "/Users/stephann/dev/rails_workspace/amiibos_manager/config/environments/test.rb": [
        1,
        null,
        null,
        null,
        null,
        null,
        null,
        1,
        null,
        null,
        null,
        null,
        1,
        null,
        null,
        1,
        1,
        null,
        null,
        null,
        null,
        1,
        1,
        null,
        null,
        1,
        null,
        null,
        1,
        null,
        null,
        null,
        null,
        1,
        null,
        null,
        1,
        null,
        null,
        1,
        null,
        null,
        null,
        null
      ],
      "/Users/stephann/dev/rails_workspace/amiibos_manager/config/initializers/active_record_belongs_to_required_by_default.rb": [
        null,
        null,
        null,
        1
      ],
      "/Users/stephann/dev/rails_workspace/amiibos_manager/config/initializers/application_controller_renderer.rb": [
        null,
        null,
        null,
        null,
        null,
        null
      ],
      "/Users/stephann/dev/rails_workspace/amiibos_manager/config/initializers/backtrace_silencers.rb": [
        null,
        null,
        null,
        null,
        null,
        null,
        null
      ],
      "/Users/stephann/dev/rails_workspace/amiibos_manager/config/initializers/callback_terminator.rb": [
        null,
        null,
        null,
        1
      ],
      "/Users/stephann/dev/rails_workspace/amiibos_manager/config/initializers/cors.rb": [
        null,
        null,
        null,
        null,
        null,
        null,
        null,
        null,
        null,
        null,
        null,
        null,
        null,
        null,
        null,
        null
      ],
      "/Users/stephann/dev/rails_workspace/amiibos_manager/config/initializers/filter_parameter_logging.rb": [
        null,
        null,
        null,
        1
      ],
      "/Users/stephann/dev/rails_workspace/amiibos_manager/config/initializers/inflections.rb": [
        null,
        null,
        null,
        null,
        null,
        null,
        null,
        null,
        null,
        null,
        null,
        null,
        null,
        null,
        null,
        null
      ],
      "/Users/stephann/dev/rails_workspace/amiibos_manager/config/initializers/mime_types.rb": [
        null,
        null,
        null,
        null
      ],
      "/Users/stephann/dev/rails_workspace/amiibos_manager/config/initializers/wrap_parameters.rb": [
        null,
        null,
        null,
        null,
        null,
        null,
        1,
        2,
        null,
        null,
        null,
        null,
        null,
        null
      ],
      "/Users/stephann/dev/rails_workspace/amiibos_manager/spec/factories/amiibos.rb": [
        1,
        1,
        1,
        1,
        1,
        1,
        1,
        null,
        null,
        null,
        null,
        null,
        null,
        null,
        null,
        1,
        1,
        null,
        null
      ],
      "/Users/stephann/dev/rails_workspace/amiibos_manager/app/models/amiibo.rb": [
        1,
        1,
        null,
        1,
        null
      ],
      "/Users/stephann/dev/rails_workspace/amiibos_manager/app/models/application_record.rb": [
        1,
        1,
        null
      ],
      "/Users/stephann/dev/rails_workspace/amiibos_manager/config/routes.rb": [
        1,
        null,
        null,
        null,
        null,
        null,
        1,
        1,
        null
      ],
      "/Users/stephann/dev/rails_workspace/amiibos_manager/app/controllers/amiibos_controller.rb": [
        1,
        1,
        2,
        2,
        null,
        null,
        1,
        5,
        null,
        5,
        3,
        null,
        2,
        null,
        null,
        null,
        1,
        1,
        5,
        null,
        null,
        null,
        null,
        null,
        null,
        null,
        null,
        null,
        null
      ],
      "/Users/stephann/dev/rails_workspace/amiibos_manager/app/controllers/application_controller.rb": [
        1,
        null
      ],
      "/Users/stephann/dev/rails_workspace/amiibos_manager/spec/models/amiibo_spec.rb": [
        1,
        null,
        1,
        null,
        null,
        null,
        null,
        null,
        null,
        null,
        1,
        14,
        null,
        null,
        null,
        null,
        null,
        null,
        null,
        null,
        1,
        12,
        null,
        null,
        2,
        null
      ],
      "/Users/stephann/dev/rails_workspace/amiibos_manager/spec/routing/amiibos_routing_spec.rb": [
        1,
        null,
        1,
        1,
        1,
        1,
        null,
        null,
        1,
        1,
        null,
        null,
        null
      ],
      "/Users/stephann/dev/rails_workspace/amiibos_manager/app/serializers/amiibo_serializer.rb": [
        1,
        1,
        null,
        null,
        null,
        null,
        null,
        null,
        null,
        null,
        null,
        null
      ]
    },
    "timestamp": 1450809538
  }
}
